[31-Mar-2025 12:56:16 UTC] PHP Warning:  Undefined array key "host" in /workspaces/UX308Lab6/.wordpress/wp-includes/pluggable.php on line 1625
[31-Mar-2025 14:40:45 UTC] PHP Warning:  Undefined property: WP_Ajax_Upgrader_Skin::$api in /workspaces/UX308Lab6/.wordpress/wp-admin/includes/class-theme-upgrader.php on line 160
[31-Mar-2025 14:48:20 UTC] PHP Fatal error:  Out of memory (allocated 88080384) (tried to allocate 16384 bytes) in /workspaces/UX308Lab6/.wordpress/wp-includes/class-wp-image-editor-gd.php on line 116
[31-Mar-2025 14:48:20 UTC] PHP Fatal error:  Out of memory (allocated 62914560) (tried to allocate 2097152 bytes) in /workspaces/UX308Lab6/.wordpress/wp-content/plugins/ecommerce-product-catalog/includes/system.php on line 305
[31-Mar-2025 14:48:20 UTC] PHP Fatal error:  Uncaught Error: Call to undefined function ic_products_count() in /workspaces/UX308Lab6/.wordpress/wp-content/plugins/ecommerce-product-catalog/includes/tracking.php:117
Stack trace:
#0 /workspaces/UX308Lab6/.wordpress/wp-content/plugins/ecommerce-product-catalog/includes/tracking.php(551): IC_EPC_Tracking->setup_data()
#1 /workspaces/UX308Lab6/.wordpress/wp-content/plugins/ecommerce-product-catalog/includes/tracking.php(481): IC_EPC_Tracking->send_paused_checkin(Array, true)
#2 [internal function]: IC_EPC_Tracking->fatal()
#3 {main}
  thrown in /workspaces/UX308Lab6/.wordpress/wp-content/plugins/ecommerce-product-catalog/includes/tracking.php on line 117
[31-Mar-2025 14:48:21 UTC] PHP Fatal error:  Out of memory (allocated 46137344) (tried to allocate 2097152 bytes) in /workspaces/UX308Lab6/.wordpress/wp-content/plugins/ecommerce-product-catalog/includes/system.php on line 305
[31-Mar-2025 14:48:21 UTC] PHP Fatal error:  Uncaught Error: Call to undefined function ic_products_count() in /workspaces/UX308Lab6/.wordpress/wp-content/plugins/ecommerce-product-catalog/includes/tracking.php:117
Stack trace:
#0 /workspaces/UX308Lab6/.wordpress/wp-content/plugins/ecommerce-product-catalog/includes/tracking.php(551): IC_EPC_Tracking->setup_data()
#1 /workspaces/UX308Lab6/.wordpress/wp-content/plugins/ecommerce-product-catalog/includes/tracking.php(481): IC_EPC_Tracking->send_paused_checkin(Array, true)
#2 [internal function]: IC_EPC_Tracking->fatal()
#3 {main}
  thrown in /workspaces/UX308Lab6/.wordpress/wp-content/plugins/ecommerce-product-catalog/includes/tracking.php on line 117
[31-Mar-2025 14:48:21 UTC] PHP Fatal error:  Out of memory (allocated 37748736) (tried to allocate 2097152 bytes) in /workspaces/UX308Lab6/.wordpress/wp-content/plugins/ecommerce-product-catalog/includes/system.php on line 305
[31-Mar-2025 14:48:21 UTC] PHP Fatal error:  Uncaught Error: Call to undefined function ic_products_count() in /workspaces/UX308Lab6/.wordpress/wp-content/plugins/ecommerce-product-catalog/includes/tracking.php:117
Stack trace:
#0 /workspaces/UX308Lab6/.wordpress/wp-content/plugins/ecommerce-product-catalog/includes/tracking.php(551): IC_EPC_Tracking->setup_data()
#1 /workspaces/UX308Lab6/.wordpress/wp-content/plugins/ecommerce-product-catalog/includes/tracking.php(481): IC_EPC_Tracking->send_paused_checkin(Array, true)
#2 [internal function]: IC_EPC_Tracking->fatal()
#3 {main}
  thrown in /workspaces/UX308Lab6/.wordpress/wp-content/plugins/ecommerce-product-catalog/includes/tracking.php on line 117
[31-Mar-2025 14:48:22 UTC] PHP Fatal error:  Out of memory (allocated 33554432) (tried to allocate 2097152 bytes) in /workspaces/UX308Lab6/.wordpress/wp-content/plugins/ecommerce-product-catalog/includes/system.php on line 305
[31-Mar-2025 14:48:22 UTC] PHP Fatal error:  Uncaught Error: Call to undefined function ic_products_count() in /workspaces/UX308Lab6/.wordpress/wp-content/plugins/ecommerce-product-catalog/includes/tracking.php:117
Stack trace:
#0 /workspaces/UX308Lab6/.wordpress/wp-content/plugins/ecommerce-product-catalog/includes/tracking.php(551): IC_EPC_Tracking->setup_data()
#1 /workspaces/UX308Lab6/.wordpress/wp-content/plugins/ecommerce-product-catalog/includes/tracking.php(481): IC_EPC_Tracking->send_paused_checkin(Array, true)
#2 [internal function]: IC_EPC_Tracking->fatal()
#3 {main}
  thrown in /workspaces/UX308Lab6/.wordpress/wp-content/plugins/ecommerce-product-catalog/includes/tracking.php on line 117
[31-Mar-2025 14:48:22 UTC] PHP Fatal error:  Out of memory (allocated 33554432) (tried to allocate 2097152 bytes) in /workspaces/UX308Lab6/.wordpress/wp-content/plugins/ecommerce-product-catalog/includes/system.php on line 305
[31-Mar-2025 14:48:22 UTC] PHP Fatal error:  Uncaught Error: Call to undefined function ic_products_count() in /workspaces/UX308Lab6/.wordpress/wp-content/plugins/ecommerce-product-catalog/includes/tracking.php:117
Stack trace:
#0 /workspaces/UX308Lab6/.wordpress/wp-content/plugins/ecommerce-product-catalog/includes/tracking.php(551): IC_EPC_Tracking->setup_data()
#1 /workspaces/UX308Lab6/.wordpress/wp-content/plugins/ecommerce-product-catalog/includes/tracking.php(481): IC_EPC_Tracking->send_paused_checkin(Array, true)
#2 [internal function]: IC_EPC_Tracking->fatal()
#3 {main}
  thrown in /workspaces/UX308Lab6/.wordpress/wp-content/plugins/ecommerce-product-catalog/includes/tracking.php on line 117
[31-Mar-2025 14:48:23 UTC] PHP Fatal error:  Out of memory (allocated 31457280) (tried to allocate 2097152 bytes) in /workspaces/UX308Lab6/.wordpress/wp-content/plugins/ecommerce-product-catalog/includes/system.php on line 305
[31-Mar-2025 14:48:23 UTC] PHP Fatal error:  Uncaught Error: Call to undefined function ic_products_count() in /workspaces/UX308Lab6/.wordpress/wp-content/plugins/ecommerce-product-catalog/includes/tracking.php:117
Stack trace:
#0 /workspaces/UX308Lab6/.wordpress/wp-content/plugins/ecommerce-product-catalog/includes/tracking.php(551): IC_EPC_Tracking->setup_data()
#1 /workspaces/UX308Lab6/.wordpress/wp-content/plugins/ecommerce-product-catalog/includes/tracking.php(481): IC_EPC_Tracking->send_paused_checkin(Array, true)
#2 [internal function]: IC_EPC_Tracking->fatal()
#3 {main}
  thrown in /workspaces/UX308Lab6/.wordpress/wp-content/plugins/ecommerce-product-catalog/includes/tracking.php on line 117
[31-Mar-2025 14:48:33 UTC] PHP Fatal error:  Out of memory (allocated 31457280) (tried to allocate 2097152 bytes) in /workspaces/UX308Lab6/.wordpress/wp-content/plugins/ecommerce-product-catalog/includes/util/menu.php on line 176
[31-Mar-2025 14:48:33 UTC] PHP Fatal error:  Uncaught Error: Call to undefined function get_integration_type() in /workspaces/UX308Lab6/.wordpress/wp-content/plugins/ecommerce-product-catalog/includes/tracking.php:126
Stack trace:
#0 /workspaces/UX308Lab6/.wordpress/wp-content/plugins/ecommerce-product-catalog/includes/tracking.php(99): IC_EPC_Tracking->get_integration_type()
#1 /workspaces/UX308Lab6/.wordpress/wp-content/plugins/ecommerce-product-catalog/includes/tracking.php(551): IC_EPC_Tracking->setup_data()
#2 /workspaces/UX308Lab6/.wordpress/wp-content/plugins/ecommerce-product-catalog/includes/tracking.php(481): IC_EPC_Tracking->send_paused_checkin(Array, true)
#3 [internal function]: IC_EPC_Tracking->fatal()
#4 {main}
  thrown in /workspaces/UX308Lab6/.wordpress/wp-content/plugins/ecommerce-product-catalog/includes/tracking.php on line 126
[31-Mar-2025 14:48:33 UTC] PHP Fatal error:  Out of memory (allocated 31457280) (tried to allocate 2097152 bytes) in /workspaces/UX308Lab6/.wordpress/wp-content/plugins/ecommerce-product-catalog/includes/system.php on line 365
[31-Mar-2025 14:48:33 UTC] PHP Fatal error:  Uncaught Error: Call to undefined function ic_products_count() in /workspaces/UX308Lab6/.wordpress/wp-content/plugins/ecommerce-product-catalog/includes/tracking.php:117
Stack trace:
#0 /workspaces/UX308Lab6/.wordpress/wp-content/plugins/ecommerce-product-catalog/includes/tracking.php(551): IC_EPC_Tracking->setup_data()
#1 /workspaces/UX308Lab6/.wordpress/wp-content/plugins/ecommerce-product-catalog/includes/tracking.php(481): IC_EPC_Tracking->send_paused_checkin(Array, true)
#2 [internal function]: IC_EPC_Tracking->fatal()
#3 {main}
  thrown in /workspaces/UX308Lab6/.wordpress/wp-content/plugins/ecommerce-product-catalog/includes/tracking.php on line 117
[31-Mar-2025 15:15:01 UTC] PHP Fatal error:  Out of memory (allocated 37748736) (tried to allocate 155648 bytes) in /workspaces/UX308Lab6/.wordpress/wp-admin/admin-ajax.php on line 39
[31-Mar-2025 15:15:05 UTC] PHP Fatal error:  Out of memory (allocated 33554432) (tried to allocate 2097152 bytes) in /workspaces/UX308Lab6/.wordpress/wp-content/plugins/ecommerce-product-catalog/includes/system.php on line 305
[31-Mar-2025 15:15:05 UTC] PHP Fatal error:  Uncaught Error: Class "ic_catalog_notices" not found in /workspaces/UX308Lab6/.wordpress/wp-content/plugins/ecommerce-product-catalog/includes/settings/general.php:600
Stack trace:
#0 /workspaces/UX308Lab6/.wordpress/wp-content/plugins/ecommerce-product-catalog/includes/settings/general.php(687): get_multiple_settings()
#1 /workspaces/UX308Lab6/.wordpress/wp-content/plugins/ecommerce-product-catalog/includes/tracking.php(126): get_integration_type()
#2 /workspaces/UX308Lab6/.wordpress/wp-content/plugins/ecommerce-product-catalog/includes/tracking.php(99): IC_EPC_Tracking->get_integration_type()
#3 /workspaces/UX308Lab6/.wordpress/wp-content/plugins/ecommerce-product-catalog/includes/tracking.php(551): IC_EPC_Tracking->setup_data()
#4 /workspaces/UX308Lab6/.wordpress/wp-content/plugins/ecommerce-product-catalog/includes/tracking.php(481): IC_EPC_Tracking->send_paused_checkin(Array, true)
#5 [internal function]: IC_EPC_Tracking->fatal()
#6 {main}
  thrown in /workspaces/UX308Lab6/.wordpress/wp-content/plugins/ecommerce-product-catalog/includes/settings/general.php on line 600
[31-Mar-2025 15:15:05 UTC] PHP Fatal error:  Out of memory (allocated 31457280) (tried to allocate 2097152 bytes) in /workspaces/UX308Lab6/.wordpress/wp-content/plugins/ecommerce-product-catalog/includes/product-category-columns.php on line 79
[31-Mar-2025 15:15:05 UTC] PHP Fatal error:  Out of memory (allocated 31457280) (tried to allocate 28672 bytes) in /workspaces/UX308Lab6/.wordpress/wp-includes/PHPMailer/PHPMailer.php on line 2946
[31-Mar-2025 15:15:09 UTC] PHP Fatal error:  Out of memory (allocated 31457280) (tried to allocate 2097152 bytes) in /workspaces/UX308Lab6/.wordpress/wp-content/plugins/ecommerce-product-catalog/includes/product-category-columns.php on line 75
[31-Mar-2025 15:15:09 UTC] PHP Fatal error:  Uncaught Error: Class "ic_catalog_notices" not found in /workspaces/UX308Lab6/.wordpress/wp-content/plugins/ecommerce-product-catalog/includes/settings/general.php:600
Stack trace:
#0 /workspaces/UX308Lab6/.wordpress/wp-content/plugins/ecommerce-product-catalog/includes/settings/general.php(687): get_multiple_settings()
#1 /workspaces/UX308Lab6/.wordpress/wp-content/plugins/ecommerce-product-catalog/includes/tracking.php(126): get_integration_type()
#2 /workspaces/UX308Lab6/.wordpress/wp-content/plugins/ecommerce-product-catalog/includes/tracking.php(99): IC_EPC_Tracking->get_integration_type()
#3 /workspaces/UX308Lab6/.wordpress/wp-content/plugins/ecommerce-product-catalog/includes/tracking.php(551): IC_EPC_Tracking->setup_data()
#4 /workspaces/UX308Lab6/.wordpress/wp-content/plugins/ecommerce-product-catalog/includes/tracking.php(481): IC_EPC_Tracking->send_paused_checkin(Array, true)
#5 [internal function]: IC_EPC_Tracking->fatal()
#6 {main}
  thrown in /workspaces/UX308Lab6/.wordpress/wp-content/plugins/ecommerce-product-catalog/includes/settings/general.php on line 600
[31-Mar-2025 15:15:10 UTC] PHP Fatal error:  Out of memory (allocated 31457280) (tried to allocate 2097152 bytes) in /workspaces/UX308Lab6/.wordpress/wp-content/plugins/ecommerce-product-catalog/includes/system.php on line 37
[31-Mar-2025 15:15:10 UTC] PHP Fatal error:  Uncaught Error: Class "ic_catalog_notices" not found in /workspaces/UX308Lab6/.wordpress/wp-content/plugins/ecommerce-product-catalog/includes/settings/general.php:600
Stack trace:
#0 /workspaces/UX308Lab6/.wordpress/wp-content/plugins/ecommerce-product-catalog/includes/settings/general.php(687): get_multiple_settings()
#1 /workspaces/UX308Lab6/.wordpress/wp-content/plugins/ecommerce-product-catalog/includes/tracking.php(126): get_integration_type()
#2 /workspaces/UX308Lab6/.wordpress/wp-content/plugins/ecommerce-product-catalog/includes/tracking.php(99): IC_EPC_Tracking->get_integration_type()
#3 /workspaces/UX308Lab6/.wordpress/wp-content/plugins/ecommerce-product-catalog/includes/tracking.php(551): IC_EPC_Tracking->setup_data()
#4 /workspaces/UX308Lab6/.wordpress/wp-content/plugins/ecommerce-product-catalog/includes/tracking.php(481): IC_EPC_Tracking->send_paused_checkin(Array, true)
#5 [internal function]: IC_EPC_Tracking->fatal()
#6 {main}
  thrown in /workspaces/UX308Lab6/.wordpress/wp-content/plugins/ecommerce-product-catalog/includes/settings/general.php on line 600
[31-Mar-2025 15:15:11 UTC] PHP Fatal error:  Out of memory (allocated 31457280) (tried to allocate 2097152 bytes) in /workspaces/UX308Lab6/.wordpress/wp-content/plugins/ecommerce-product-catalog/includes/system.php on line 371
[31-Mar-2025 15:15:11 UTC] PHP Fatal error:  Uncaught Error: Class "ic_catalog_notices" not found in /workspaces/UX308Lab6/.wordpress/wp-content/plugins/ecommerce-product-catalog/includes/settings/general.php:600
Stack trace:
#0 /workspaces/UX308Lab6/.wordpress/wp-content/plugins/ecommerce-product-catalog/includes/settings/general.php(687): get_multiple_settings()
#1 /workspaces/UX308Lab6/.wordpress/wp-content/plugins/ecommerce-product-catalog/includes/tracking.php(126): get_integration_type()
#2 /workspaces/UX308Lab6/.wordpress/wp-content/plugins/ecommerce-product-catalog/includes/tracking.php(99): IC_EPC_Tracking->get_integration_type()
#3 /workspaces/UX308Lab6/.wordpress/wp-content/plugins/ecommerce-product-catalog/includes/tracking.php(551): IC_EPC_Tracking->setup_data()
#4 /workspaces/UX308Lab6/.wordpress/wp-content/plugins/ecommerce-product-catalog/includes/tracking.php(481): IC_EPC_Tracking->send_paused_checkin(Array, true)
#5 [internal function]: IC_EPC_Tracking->fatal()
#6 {main}
  thrown in /workspaces/UX308Lab6/.wordpress/wp-content/plugins/ecommerce-product-catalog/includes/settings/general.php on line 600
[31-Mar-2025 15:15:13 UTC] PHP Fatal error:  Out of memory (allocated 31457280) (tried to allocate 2097152 bytes) in /workspaces/UX308Lab6/.wordpress/wp-content/plugins/ecommerce-product-catalog/includes/system.php on line 37
[31-Mar-2025 15:15:13 UTC] PHP Fatal error:  Uncaught Error: Class "ic_catalog_notices" not found in /workspaces/UX308Lab6/.wordpress/wp-content/plugins/ecommerce-product-catalog/includes/settings/general.php:600
Stack trace:
#0 /workspaces/UX308Lab6/.wordpress/wp-content/plugins/ecommerce-product-catalog/includes/settings/general.php(687): get_multiple_settings()
#1 /workspaces/UX308Lab6/.wordpress/wp-content/plugins/ecommerce-product-catalog/includes/tracking.php(126): get_integration_type()
#2 /workspaces/UX308Lab6/.wordpress/wp-content/plugins/ecommerce-product-catalog/includes/tracking.php(99): IC_EPC_Tracking->get_integration_type()
#3 /workspaces/UX308Lab6/.wordpress/wp-content/plugins/ecommerce-product-catalog/includes/tracking.php(551): IC_EPC_Tracking->setup_data()
#4 /workspaces/UX308Lab6/.wordpress/wp-content/plugins/ecommerce-product-catalog/includes/tracking.php(481): IC_EPC_Tracking->send_paused_checkin(Array, true)
#5 [internal function]: IC_EPC_Tracking->fatal()
#6 {main}
  thrown in /workspaces/UX308Lab6/.wordpress/wp-content/plugins/ecommerce-product-catalog/includes/settings/general.php on line 600
[31-Mar-2025 15:15:14 UTC] PHP Fatal error:  Out of memory (allocated 31457280) (tried to allocate 2097152 bytes) in /workspaces/UX308Lab6/.wordpress/wp-content/plugins/ecommerce-product-catalog/includes/system.php on line 371
[31-Mar-2025 15:15:14 UTC] PHP Fatal error:  Uncaught Error: Class "ic_catalog_notices" not found in /workspaces/UX308Lab6/.wordpress/wp-content/plugins/ecommerce-product-catalog/includes/settings/general.php:600
Stack trace:
#0 /workspaces/UX308Lab6/.wordpress/wp-content/plugins/ecommerce-product-catalog/includes/settings/general.php(687): get_multiple_settings()
#1 /workspaces/UX308Lab6/.wordpress/wp-content/plugins/ecommerce-product-catalog/includes/tracking.php(126): get_integration_type()
#2 /workspaces/UX308Lab6/.wordpress/wp-content/plugins/ecommerce-product-catalog/includes/tracking.php(99): IC_EPC_Tracking->get_integration_type()
#3 /workspaces/UX308Lab6/.wordpress/wp-content/plugins/ecommerce-product-catalog/includes/tracking.php(551): IC_EPC_Tracking->setup_data()
#4 /workspaces/UX308Lab6/.wordpress/wp-content/plugins/ecommerce-product-catalog/includes/tracking.php(481): IC_EPC_Tracking->send_paused_checkin(Array, true)
#5 [internal function]: IC_EPC_Tracking->fatal()
#6 {main}
  thrown in /workspaces/UX308Lab6/.wordpress/wp-content/plugins/ecommerce-product-catalog/includes/settings/general.php on line 600
[31-Mar-2025 15:15:23 UTC] PHP Fatal error:  Out of memory (allocated 31457280) (tried to allocate 2097152 bytes) in /workspaces/UX308Lab6/.wordpress/wp-content/plugins/ecommerce-product-catalog/includes/system.php on line 365
[31-Mar-2025 15:15:23 UTC] PHP Fatal error:  Uncaught Error: Class "ic_catalog_notices" not found in /workspaces/UX308Lab6/.wordpress/wp-content/plugins/ecommerce-product-catalog/includes/settings/general.php:600
Stack trace:
#0 /workspaces/UX308Lab6/.wordpress/wp-content/plugins/ecommerce-product-catalog/includes/settings/general.php(687): get_multiple_settings()
#1 /workspaces/UX308Lab6/.wordpress/wp-content/plugins/ecommerce-product-catalog/includes/tracking.php(126): get_integration_type()
#2 /workspaces/UX308Lab6/.wordpress/wp-content/plugins/ecommerce-product-catalog/includes/tracking.php(99): IC_EPC_Tracking->get_integration_type()
#3 /workspaces/UX308Lab6/.wordpress/wp-content/plugins/ecommerce-product-catalog/includes/tracking.php(551): IC_EPC_Tracking->setup_data()
#4 /workspaces/UX308Lab6/.wordpress/wp-content/plugins/ecommerce-product-catalog/includes/tracking.php(481): IC_EPC_Tracking->send_paused_checkin(Array, true)
#5 [internal function]: IC_EPC_Tracking->fatal()
#6 {main}
  thrown in /workspaces/UX308Lab6/.wordpress/wp-content/plugins/ecommerce-product-catalog/includes/settings/general.php on line 600
[31-Mar-2025 15:15:56 UTC] PHP Fatal error:  Out of memory (allocated 31457280) (tried to allocate 2097152 bytes) in /workspaces/UX308Lab6/.wordpress/wp-content/plugins/ecommerce-product-catalog/includes/system.php on line 365
[31-Mar-2025 15:15:56 UTC] PHP Fatal error:  Uncaught Error: Class "ic_catalog_notices" not found in /workspaces/UX308Lab6/.wordpress/wp-content/plugins/ecommerce-product-catalog/includes/settings/general.php:600
Stack trace:
#0 /workspaces/UX308Lab6/.wordpress/wp-content/plugins/ecommerce-product-catalog/includes/settings/general.php(687): get_multiple_settings()
#1 /workspaces/UX308Lab6/.wordpress/wp-content/plugins/ecommerce-product-catalog/includes/tracking.php(126): get_integration_type()
#2 /workspaces/UX308Lab6/.wordpress/wp-content/plugins/ecommerce-product-catalog/includes/tracking.php(99): IC_EPC_Tracking->get_integration_type()
#3 /workspaces/UX308Lab6/.wordpress/wp-content/plugins/ecommerce-product-catalog/includes/tracking.php(551): IC_EPC_Tracking->setup_data()
#4 /workspaces/UX308Lab6/.wordpress/wp-content/plugins/ecommerce-product-catalog/includes/tracking.php(481): IC_EPC_Tracking->send_paused_checkin(Array, true)
#5 [internal function]: IC_EPC_Tracking->fatal()
#6 {main}
  thrown in /workspaces/UX308Lab6/.wordpress/wp-content/plugins/ecommerce-product-catalog/includes/settings/general.php on line 600
[31-Mar-2025 15:16:05 UTC] PHP Fatal error:  Out of memory (allocated 31457280) (tried to allocate 2097152 bytes) in /workspaces/UX308Lab6/.wordpress/wp-content/plugins/ecommerce-product-catalog/includes/system.php on line 365
[31-Mar-2025 15:16:05 UTC] PHP Fatal error:  Uncaught Error: Class "ic_catalog_notices" not found in /workspaces/UX308Lab6/.wordpress/wp-content/plugins/ecommerce-product-catalog/includes/settings/general.php:600
Stack trace:
#0 /workspaces/UX308Lab6/.wordpress/wp-content/plugins/ecommerce-product-catalog/includes/settings/general.php(687): get_multiple_settings()
#1 /workspaces/UX308Lab6/.wordpress/wp-content/plugins/ecommerce-product-catalog/includes/tracking.php(126): get_integration_type()
#2 /workspaces/UX308Lab6/.wordpress/wp-content/plugins/ecommerce-product-catalog/includes/tracking.php(99): IC_EPC_Tracking->get_integration_type()
#3 /workspaces/UX308Lab6/.wordpress/wp-content/plugins/ecommerce-product-catalog/includes/tracking.php(551): IC_EPC_Tracking->setup_data()
#4 /workspaces/UX308Lab6/.wordpress/wp-content/plugins/ecommerce-product-catalog/includes/tracking.php(481): IC_EPC_Tracking->send_paused_checkin(Array, true)
#5 [internal function]: IC_EPC_Tracking->fatal()
#6 {main}
  thrown in /workspaces/UX308Lab6/.wordpress/wp-content/plugins/ecommerce-product-catalog/includes/settings/general.php on line 600
[31-Mar-2025 15:16:11 UTC] PHP Fatal error:  Out of memory (allocated 31457280) (tried to allocate 2097152 bytes) in /workspaces/UX308Lab6/.wordpress/wp-content/plugins/ecommerce-product-catalog/includes/system.php on line 31
[31-Mar-2025 15:16:11 UTC] PHP Fatal error:  Uncaught Error: Class "ic_catalog_notices" not found in /workspaces/UX308Lab6/.wordpress/wp-content/plugins/ecommerce-product-catalog/includes/settings/general.php:600
Stack trace:
#0 /workspaces/UX308Lab6/.wordpress/wp-content/plugins/ecommerce-product-catalog/includes/settings/general.php(687): get_multiple_settings()
#1 /workspaces/UX308Lab6/.wordpress/wp-content/plugins/ecommerce-product-catalog/includes/tracking.php(126): get_integration_type()
#2 /workspaces/UX308Lab6/.wordpress/wp-content/plugins/ecommerce-product-catalog/includes/tracking.php(99): IC_EPC_Tracking->get_integration_type()
#3 /workspaces/UX308Lab6/.wordpress/wp-content/plugins/ecommerce-product-catalog/includes/tracking.php(551): IC_EPC_Tracking->setup_data()
#4 /workspaces/UX308Lab6/.wordpress/wp-content/plugins/ecommerce-product-catalog/includes/tracking.php(481): IC_EPC_Tracking->send_paused_checkin(Array, true)
#5 [internal function]: IC_EPC_Tracking->fatal()
#6 {main}
  thrown in /workspaces/UX308Lab6/.wordpress/wp-content/plugins/ecommerce-product-catalog/includes/settings/general.php on line 600
